Line 2: Could not create reference: '{67397AA1-7FB1-11D0-B148-00A0C922E820}#6.0#0'.
Line 88: Class MSAdodcLib.Adodc of control dtcMatches was not a loaded control class.
Line 94: The property name _ExtentX in dtcMatches is invalid.
Line 95: The property name _ExtentY in dtcMatches is invalid.
Line 96: The property name ConnectMode in dtcMatches is invalid.
Line 97: The property name CursorLocation in dtcMatches is invalid.
Line 98: The property name IsolationLevel in dtcMatches is invalid.
Line 99: The property name ConnectionTimeout in dtcMatches is invalid.
Line 100: The property name CommandTimeout in dtcMatches is invalid.
Line 101: The property name CursorType in dtcMatches is invalid.
Line 102: The property name LockType in dtcMatches is invalid.
Line 103: The property name CommandType in dtcMatches is invalid.
Line 104: The property name CursorOptions in dtcMatches is invalid.
Line 105: The property name CacheSize in dtcMatches is invalid.
Line 106: The property name MaxRecords in dtcMatches is invalid.
Line 107: The property name BOFAction in dtcMatches is invalid.
Line 108: The property name EOFAction in dtcMatches is invalid.
Line 109: The property name ConnectStringType in dtcMatches is invalid.
Line 113: The property name Orientation in dtcMatches is invalid.
Line 115: The property name Connect in dtcMatches is invalid.
Line 116: The property name OLEDBString in dtcMatches is invalid.
Line 117: The property name OLEDBFile in dtcMatches is invalid.
Line 118: The property name DataSourceName in dtcMatches is invalid.
Line 119: The property name OtherAttributes in dtcMatches is invalid.
Line 120: The property name UserName in dtcMatches is invalid.
Line 121: The property name Password in dtcMatches is invalid.
Line 122: The property name RecordSource in dtcMatches is invalid.
Line 123: The property name Caption in dtcMatches is invalid.
Line 133: The property name _Version in dtcMatches is invalid.
