2020-05-01 16:48:22         App started
2020-05-01 16:48:22         Main form opened
2020-05-01 16:48:25         App ended
2020-05-01 17:58:02         App started
2020-05-01 17:58:02         Main form opened
2020-05-01 17:58:36         App started
                            No vbpool2.mdb, dbcreated
2020-05-01 17:58:36         Main form opened
2020-05-01 18:03:59         App started
2020-05-01 18:03:59         Main form opened
2020-05-01 18:08:06         App started
                            No vbpool2.mdb, dbcreated
2020-05-01 18:08:06         Main form opened
2020-05-01 18:10:51         App started
                            No vbpool2.mdb, dbcreated
2020-05-01 18:10:51         Main form opened
2020-05-01 18:26:11         App started
                            No vbpool2.mdb, dbcreated
2020-05-01 18:26:11         Main form opened
2020-05-01 18:28:40         App started
                            No vbpool2.mdb, dbcreated
2020-05-01 18:28:40         Main form opened
2020-05-01 18:29:56         App started
2020-05-01 18:29:57         Main form opened
2020-05-01 18:37:51         App started
2020-05-01 18:37:59         Main form opened
2020-05-01 18:40:54         App started
2020-05-01 18:40:54         Main form opened
2020-05-01 18:42:03         App started
2020-05-01 18:42:03         Main form opened
2020-05-01 18:43:48         App started
2020-05-01 18:43:48         Main form opened
2020-05-01 18:43:59         App started
                            No vbpool2.mdb, dbcreated
2020-05-01 18:43:59         Main form opened
2020-05-01 18:44:18         App ended
2020-05-01 18:44:55         App started
2020-05-01 18:44:55         Main form opened
2020-05-01 18:45:03         App started
                            No vbpool2.mdb, dbcreated
2020-05-01 18:45:03         Main form opened
2020-05-01 18:45:53         App started
                            No vbpool2.mdb, dbcreated
2020-05-01 18:45:53         Main form opened
2020-05-01 18:46:41         App started
2020-05-01 18:46:41         Main form opened
2020-05-01 18:46:53         App started
                            No vbpool2.mdb, dbcreated
2020-05-01 18:46:54         Main form opened
2020-05-01 18:47:29         App started
                            No vbpool2.mdb, dbcreated
2020-05-01 18:47:29         Main form opened
2020-05-01 18:48:01         App started
2020-05-01 18:48:01         Main form opened
2020-05-01 18:57:38         App ended
2020-05-01 18:57:42         App started
2020-05-01 18:57:42         Main form opened
2020-05-01 18:59:45         App started
                            No vbpool2.mdb, dbcreated
2020-05-01 18:59:45         Main form opened
2020-05-01 19:05:55         App started
2020-05-01 19:05:55         Main form opened
2020-05-01 19:08:15         App started
2020-05-01 19:08:15         Main form opened
2020-05-01 19:11:46         App started
2020-05-01 19:11:46         Main form opened
2020-05-01 19:14:51         App ended
2020-05-01 19:15:44         App started
2020-05-01 19:15:44         Main form opened
2020-05-01 19:15:46         App ended
2020-05-01 19:25:57         App started
2020-05-01 19:25:57         Main form opened
2020-05-01 19:27:39         App started
2020-05-01 19:27:39         Main form opened
2020-05-01 19:28:52         App started
2020-05-01 19:28:52         Main form opened
2020-05-01 19:30:16         App started
2020-05-01 19:30:16         Main form opened
2020-05-01 19:32:01         App ended
2020-05-01 19:32:14         App started
2020-05-01 19:32:14         Main form opened
2020-05-01 19:32:39         App ended
2020-05-01 19:35:08         App started
2020-05-01 19:35:08         Main form opened
2020-05-01 19:38:05         App started
2020-05-01 19:38:05         Main form opened
2020-05-01 19:38:29         App ended
2020-05-01 19:39:43         App started
2020-05-01 19:39:43         Main form opened
2020-05-01 19:51:57         App ended
2020-05-01 19:51:59         App started
2020-05-01 19:51:59         Main form opened
2020-05-01 19:53:30         Pool opened
2020-05-01 19:53:33         App ended
2020-05-01 19:55:33         App started
2020-05-01 19:55:33         Main form opened
2020-05-01 19:55:45         App ended
2020-05-01 19:56:27         App started
2020-05-01 19:56:27         Main form opened
2020-05-01 19:56:34         App ended
